# JRE version: OpenJDK Runtime Environment Microsoft-8035246 (17.0.8+7) (build 17.0.8+7-LTS)
# Java VM: OpenJDK 64-Bit Server VM Microsoft-8035246 (17.0.8+7-LTS, mixed mode, sharing, tiered, compressed oops, compressed class ptrs, g1 gc, windows-amd64)
GC Precious Log:
 CPUs: 8 total, 8 available
 Memory: 7886M
 Large Page Support: Disabled
 NUMA Support: Disabled
 Compressed Oops: Enabled (32-bit)
 Heap Region Size: 1M
 Heap Min Capacity: 8M
 Heap Initial Capacity: 124M
 Heap Max Capacity: 2G
 Pre-touch: Disabled
 Parallel Workers: 8
 Concurrent Workers: 2
 Concurrent Refinement Workers: 8
 Periodic GC: Disabled
Heap:
 garbage-first heap   total 268288K, used 190875K [0x0000000080000000, 0x0000000100000000)
  region size 1024K, 8 young (8192K), 3 survivors (3072K)
 Metaspace       used 102818K, committed 103872K, reserved 557056K
  class space    used 14282K, committed 14784K, reserved 425984K
GC Heap History (20 events):
Event: 30.929 GC heap before
{Heap before GC invocations=44 (full 0):
 garbage-first heap   total 211968K, used 180241K [0x0000000080000000, 0x0000000100000000)
  region size 1024K, 56 young (57344K), 8 survivors (8192K)
 Metaspace       used 91157K, committed 92160K, reserved 557056K
  class space    used 12784K, committed 13248K, reserved 425984K
}
Event: 30.941 GC heap after
{Heap after GC invocations=45 (full 0):
 garbage-first heap   total 211968K, used 145574K [0x0000000080000000, 0x0000000100000000)
  region size 1024K, 7 young (7168K), 7 survivors (7168K)
 Metaspace       used 91157K, committed 92160K, reserved 557056K
  class space    used 12784K, committed 13248K, reserved 425984K
}
Event: 31.615 GC heap before
{Heap before GC invocations=45 (full 0):
 garbage-first heap   total 211968K, used 177318K [0x0000000080000000, 0x0000000100000000)
  region size 1024K, 37 young (37888K), 7 survivors (7168K)
 Metaspace       used 91424K, committed 92416K, reserved 557056K
  class space    used 12815K, committed 13248K, reserved 425984K
}
Event: 31.623 GC heap after
{Heap after GC invocations=46 (full 0):
 garbage-first heap   total 211968K, used 155119K [0x0000000080000000, 0x0000000100000000)
  region size 1024K, 5 young (5120K), 5 survivors (5120K)
 Metaspace       used 91424K, committed 92416K, reserved 557056K
  class space    used 12815K, committed 13248K, reserved 425984K
}
Event: 31.949 GC heap before
{Heap before GC invocations=47 (full 0):
 garbage-first heap   total 268288K, used 172527K [0x0000000080000000, 0x0000000100000000)
  region size 1024K, 23 young (23552K), 5 survivors (5120K)
 Metaspace       used 91834K, committed 92800K, reserved 557056K
  class space    used 12872K, committed 13312K, reserved 425984K
}
Event: 31.956 GC heap after
{Heap after GC invocations=48 (full 0):
 garbage-first heap   total 268288K, used 157806K [0x0000000080000000, 0x0000000100000000)
  region size 1024K, 3 young (3072K), 3 survivors (3072K)
 Metaspace       used 91834K, committed 92800K, reserved 557056K
  class space    used 12872K, committed 13312K, reserved 425984K
}
Event: 32.115 GC heap before
{Heap before GC invocations=48 (full 0):
 garbage-first heap   total 268288K, used 168046K [0x0000000080000000, 0x0000000100000000)
  region size 1024K, 13 young (13312K), 3 survivors (3072K)
 Metaspace       used 92374K, committed 93312K, reserved 557056K
  class space    used 12943K, committed 13376K, reserved 425984K
}
Event: 32.120 GC heap after
{Heap after GC invocations=49 (full 0):
 garbage-first heap   total 268288K, used 157643K [0x0000000080000000, 0x0000000100000000)
  region size 1024K, 1 young (1024K), 1 survivors (1024K)
 Metaspace       used 92374K, committed 93312K, reserved 557056K
  class space    used 12943K, committed 13376K, reserved 425984K
}
Event: 32.958 GC heap before
{Heap before GC invocations=49 (full 0):
 garbage-first heap   total 268288K, used 206795K [0x0000000080000000, 0x0000000100000000)
  region size 1024K, 49 young (50176K), 1 survivors (1024K)
 Metaspace       used 97141K, committed 98176K, reserved 557056K
  class space    used 13616K, committed 14080K, reserved 425984K
}
Event: 32.962 GC heap after
{Heap after GC invocations=50 (full 0):
 garbage-first heap   total 268288K, used 159670K [0x0000000080000000, 0x0000000100000000)
  region size 1024K, 3 young (3072K), 3 survivors (3072K)
 Metaspace       used 97141K, committed 98176K, reserved 557056K
  class space    used 13616K, committed 14080K, reserved 425984K
}
Event: 33.565 GC heap before
{Heap before GC invocations=50 (full 0):
 garbage-first heap   total 268288K, used 210870K [0x0000000080000000, 0x0000000100000000)
  region size 1024K, 53 young (54272K), 3 survivors (3072K)
 Metaspace       used 98702K, committed 99776K, reserved 557056K
  class space    used 13812K, committed 14336K, reserved 425984K
}
Event: 33.572 GC heap after
{Heap after GC invocations=51 (full 0):
 garbage-first heap   total 268288K, used 165628K [0x0000000080000000, 0x0000000100000000)
  region size 1024K, 7 young (7168K), 7 survivors (7168K)
 Metaspace       used 98702K, committed 99776K, reserved 557056K
  class space    used 13812K, committed 14336K, reserved 425984K
}
Event: 34.023 GC heap before
{Heap before GC invocations=51 (full 0):
 garbage-first heap   total 268288K, used 214780K [0x0000000080000000, 0x0000000100000000)
  region size 1024K, 55 young (56320K), 7 survivors (7168K)
 Metaspace       used 99321K, committed 100288K, reserved 557056K
  class space    used 13868K, committed 14336K, reserved 425984K
}
Event: 34.032 GC heap after
{Heap after GC invocations=52 (full 0):
 garbage-first heap   total 268288K, used 171154K [0x0000000080000000, 0x0000000100000000)
  region size 1024K, 6 young (6144K), 6 survivors (6144K)
 Metaspace       used 99321K, committed 100288K, reserved 557056K
  class space    used 13868K, committed 14336K, reserved 425984K
}
Event: 34.537 GC heap before
{Heap before GC invocations=52 (full 0):
 garbage-first heap   total 268288K, used 222354K [0x0000000080000000, 0x0000000100000000)
  region size 1024K, 52 young (53248K), 6 survivors (6144K)
 Metaspace       used 101830K, committed 102848K, reserved 557056K
  class space    used 14175K, committed 14656K, reserved 425984K
}
Event: 34.545 GC heap after
{Heap after GC invocations=53 (full 0):
 garbage-first heap   total 268288K, used 177152K [0x0000000080000000, 0x0000000100000000)
  region size 1024K, 6 young (6144K), 6 survivors (6144K)
 Metaspace       used 101830K, committed 102848K, reserved 557056K
  class space    used 14175K, committed 14656K, reserved 425984K
}
Event: 34.994 GC heap before
{Heap before GC invocations=53 (full 0):
 garbage-first heap   total 268288K, used 220160K [0x0000000080000000, 0x0000000100000000)
  region size 1024K, 49 young (50176K), 6 survivors (6144K)
 Metaspace       used 102183K, committed 103232K, reserved 557056K
  class space    used 14183K, committed 14656K, reserved 425984K
}
Event: 34.999 GC heap after
{Heap after GC invocations=54 (full 0):
 garbage-first heap   total 268288K, used 179602K [0x0000000080000000, 0x0000000100000000)
  region size 1024K, 3 young (3072K), 3 survivors (3072K)
 Metaspace       used 102183K, committed 103232K, reserved 557056K
  class space    used 14183K, committed 14656K, reserved 425984K
}
Event: 35.421 GC heap before
{Heap before GC invocations=54 (full 0):
 garbage-first heap   total 268288K, used 222610K [0x0000000080000000, 0x0000000100000000)
  region size 1024K, 46 young (47104K), 3 survivors (3072K)
 Metaspace       used 102802K, committed 103872K, reserved 557056K
  class space    used 14282K, committed 14784K, reserved 425984K
}
Event: 35.427 GC heap after
{Heap after GC invocations=55 (full 0):
 garbage-first heap   total 268288K, used 184259K [0x0000000080000000, 0x0000000100000000)
  region size 1024K, 6 young (6144K), 6 survivors (6144K)
 Metaspace       used 102802K, committed 103872K, reserved 557056K
  class space    used 14282K, committed 14784K, reserved 425984K
}

